#! /usr/local/bin/vvp
:ivl_version "10.3 (stable)" "(v10_3-42-gb98854309-dirty)";
:ivl_delay_selection "TYPICAL";
:vpi_time_precision - 12;
:vpi_module "system";
:vpi_module "vhdl_sys";
:vpi_module "v2005_math";
:vpi_module "va_math";
S_0x5578e5568030 .scope module, "bad_mux_tb" "bad_mux_tb" 2 4;
 .timescale -9 -12;
v0x5578e5579610_0 .var "i0", 0 0;
v0x5578e55796d0_0 .var "i1", 0 0;
v0x5578e55797a0_0 .var "s", 0 0;
v0x5578e55798a0_0 .net "y", 0 0, v0x5578e55794a0_0;  1 drivers
S_0x5578e55681b0 .scope module, "uut" "bad_mux" 2 11, 3 1 0, S_0x5578e5568030;
 .timescale 0 0;
    .port_info 0 /INPUT 1 "i0"
    .port_info 1 /INPUT 1 "i1"
    .port_info 2 /INPUT 1 "s"
    .port_info 3 /OUTPUT 1 "y"
v0x5578e5532020_0 .net "i0", 0 0, v0x5578e5579610_0;  1 drivers
v0x5578e5579310_0 .net "i1", 0 0, v0x5578e55796d0_0;  1 drivers
v0x5578e55793d0_0 .net "s", 0 0, v0x5578e55797a0_0;  1 drivers
v0x5578e55794a0_0 .var "y", 0 0;
E_0x5578e55329f0 .event edge, v0x5578e55793d0_0;
    .scope S_0x5578e55681b0;
T_0 ;
    %wait E_0x5578e55329f0;
    %load/vec4 v0x5578e55793d0_0;
    %flag_set/vec4 8;
    %jmp/0xz  T_0.0, 8;
    %load/vec4 v0x5578e5579310_0;
    %assign/vec4 v0x5578e55794a0_0, 0;
    %jmp T_0.1;
T_0.0 ;
    %load/vec4 v0x5578e5532020_0;
    %assign/vec4 v0x5578e55794a0_0, 0;
T_0.1 ;
    %jmp T_0;
    .thread T_0, $push;
    .scope S_0x5578e5568030;
T_1 ;
	  %vpi_call 2 19 "$dumpfile", "bad_mux_tb.vcd" {0 0 0};
	  %vpi_call 2 20 "$dumpvars", 32'sb00000000000000000000000000000000, S_0x5578e5568030 {0 0 0};
    %pushi/vec4 0, 0, 1;
    %store/vec4 v0x5578e55797a0_0, 0, 1;
    %pushi/vec4 0, 0, 1;
    %store/vec4 v0x5578e5579610_0, 0, 1;
    %pushi/vec4 0, 0, 1;
    %store/vec4 v0x5578e55796d0_0, 0, 1;
    %delay 300000, 0;
    %vpi_call 2 25 "$finish" {0 0 0};
    %end;
    .thread T_1;
    .scope S_0x5578e5568030;
T_2 ;
    %delay 75000, 0;
    %load/vec4 v0x5578e55797a0_0;
    %inv;
    %store/vec4 v0x5578e55797a0_0, 0, 1;
    %jmp T_2;
    .thread T_2;
    .scope S_0x5578e5568030;
T_3 ;
    %delay 10000, 0;
    %load/vec4 v0x5578e5579610_0;
    %inv;
    %store/vec4 v0x5578e5579610_0, 0, 1;
    %jmp T_3;
    .thread T_3;
    .scope S_0x5578e5568030;
T_4 ;
    %delay 55000, 0;
    %load/vec4 v0x5578e55796d0_0;
    %inv;
    %store/vec4 v0x5578e55796d0_0, 0, 1;
    %jmp T_4;
    .thread T_4;
# The file index is used to find the file name in the following table.
:file_names 4;
    "N/A";
    "<interactive>";
    "bad_mux_tb.v";
    "bad_mux.v";
