#! /usr/local/bin/vvp
:ivl_version "10.3 (stable)" "(v10_3-42-gb98854309-dirty)";
:ivl_delay_selection "TYPICAL";
:vpi_time_precision - 12;
:vpi_module "system";
:vpi_module "vhdl_sys";
:vpi_module "v2005_math";
:vpi_module "va_math";
S_0x55fa2c3a8060 .scope module, "blocking_error_tb" "blocking_error_tb" 2 3;
 .timescale -9 -12;
v0x55fa2c3b9c60_0 .var "a", 0 0;
v0x55fa2c3b9d20_0 .var "b", 0 0;
v0x55fa2c3b9df0_0 .var "c", 0 0;
v0x55fa2c3b9ef0_0 .net "d", 0 0, v0x55fa2c3b9a10_0;  1 drivers
S_0x55fa2c3a81e0 .scope module, "uut" "blocking_error" 2 10, 3 1 0, S_0x55fa2c3a8060;
 .timescale 0 0;
    .port_info 0 /INPUT 1 "a"
    .port_info 1 /INPUT 1 "b"
    .port_info 2 /INPUT 1 "c"
    .port_info 3 /OUTPUT 1 "d"
v0x55fa2c372020_0 .net "a", 0 0, v0x55fa2c3b9c60_0;  1 drivers
v0x55fa2c3b9880_0 .net "b", 0 0, v0x55fa2c3b9d20_0;  1 drivers
v0x55fa2c3b9940_0 .net "c", 0 0, v0x55fa2c3b9df0_0;  1 drivers
v0x55fa2c3b9a10_0 .var "d", 0 0;
v0x55fa2c3b9ad0_0 .var "x", 0 0;
E_0x55fa2c372880 .event edge, v0x55fa2c3b9ad0_0, v0x55fa2c3b9940_0, v0x55fa2c372020_0, v0x55fa2c3b9880_0;
    .scope S_0x55fa2c3a81e0;
T_0 ;
    %wait E_0x55fa2c372880;
    %load/vec4 v0x55fa2c3b9ad0_0;
    %load/vec4 v0x55fa2c3b9940_0;
    %and;
    %store/vec4 v0x55fa2c3b9a10_0, 0, 1;
    %load/vec4 v0x55fa2c372020_0;
    %load/vec4 v0x55fa2c3b9880_0;
    %or;
    %store/vec4 v0x55fa2c3b9ad0_0, 0, 1;
    %jmp T_0;
    .thread T_0, $push;
    .scope S_0x55fa2c3a8060;
T_1 ;
	  %vpi_call 2 18 "$dumpfile", "blocking_error_tb.vcd" {0 0 0};
	  %vpi_call 2 19 "$dumpvars", 32'sb00000000000000000000000000000000, S_0x55fa2c3a8060 {0 0 0};
    %pushi/vec4 0, 0, 1;
    %store/vec4 v0x55fa2c3b9c60_0, 0, 1;
    %pushi/vec4 0, 0, 1;
    %store/vec4 v0x55fa2c3b9d20_0, 0, 1;
    %pushi/vec4 0, 0, 1;
    %store/vec4 v0x55fa2c3b9df0_0, 0, 1;
    %delay 3000000, 0;
    %vpi_call 2 24 "$finish" {0 0 0};
    %end;
    .thread T_1;
    .scope S_0x55fa2c3a8060;
T_2 ;
    %delay 10000, 0;
    %load/vec4 v0x55fa2c3b9c60_0;
    %inv;
    %store/vec4 v0x55fa2c3b9c60_0, 0, 1;
    %jmp T_2;
    .thread T_2;
    .scope S_0x55fa2c3a8060;
T_3 ;
    %delay 100000, 0;
    %load/vec4 v0x55fa2c3b9df0_0;
    %inv;
    %store/vec4 v0x55fa2c3b9df0_0, 0, 1;
    %jmp T_3;
    .thread T_3;
    .scope S_0x55fa2c3a8060;
T_4 ;
    %delay 50000, 0;
    %load/vec4 v0x55fa2c3b9d20_0;
    %inv;
    %store/vec4 v0x55fa2c3b9d20_0, 0, 1;
    %jmp T_4;
    .thread T_4;
# The file index is used to find the file name in the following table.
:file_names 4;
    "N/A";
    "<interactive>";
    "blocking_error_tb.v";
    "blocking_error.v";
