#! /usr/local/bin/vvp
:ivl_version "10.3 (stable)" "(v10_3-42-gb98854309-dirty)";
:ivl_delay_selection "TYPICAL";
:vpi_time_precision - 12;
:vpi_module "system";
:vpi_module "vhdl_sys";
:vpi_module "v2005_math";
:vpi_module "va_math";
S_0x55dabeba5a30 .scope module, "conditional_mux_tb" "conditional_mux_tb" 2 3;
 .timescale -9 -12;
v0x55dabebb7080_0 .var "i0", 0 0;
v0x55dabebb7140_0 .var "i1", 0 0;
v0x55dabebb7210_0 .var "s", 0 0;
v0x55dabebb7310_0 .net "y", 0 0, L_0x55dabebb73e0;  1 drivers
S_0x55dabeba5bb0 .scope module, "uut" "conditional_mux" 2 10, 3 1 0, S_0x55dabeba5a30;
 .timescale 0 0;
    .port_info 0 /INPUT 1 "i0"
    .port_info 1 /INPUT 1 "i1"
    .port_info 2 /INPUT 1 "s"
    .port_info 3 /OUTPUT 1 "y"
v0x55dabeb70020_0 .net "i0", 0 0, v0x55dabebb7080_0;  1 drivers
v0x55dabebb6d80_0 .net "i1", 0 0, v0x55dabebb7140_0;  1 drivers
v0x55dabebb6e40_0 .net "s", 0 0, v0x55dabebb7210_0;  1 drivers
v0x55dabebb6f10_0 .net "y", 0 0, L_0x55dabebb73e0;  alias, 1 drivers
L_0x55dabebb73e0 .functor MUXZ 1, v0x55dabebb7080_0, v0x55dabebb7140_0, v0x55dabebb7210_0, C4<>;
    .scope S_0x55dabeba5a30;
T_0 ;
	  %vpi_call 2 18 "$dumpfile", "conditional_mux_tb.vcd" {0 0 0};
	  %vpi_call 2 19 "$dumpvars", 32'sb00000000000000000000000000000000, S_0x55dabeba5a30 {0 0 0};
    %pushi/vec4 0, 0, 1;
    %store/vec4 v0x55dabebb7210_0, 0, 1;
    %pushi/vec4 0, 0, 1;
    %store/vec4 v0x55dabebb7080_0, 0, 1;
    %pushi/vec4 0, 0, 1;
    %store/vec4 v0x55dabebb7140_0, 0, 1;
    %delay 300000, 0;
    %vpi_call 2 24 "$finish" {0 0 0};
    %end;
    .thread T_0;
    .scope S_0x55dabeba5a30;
T_1 ;
    %delay 75000, 0;
    %load/vec4 v0x55dabebb7210_0;
    %inv;
    %store/vec4 v0x55dabebb7210_0, 0, 1;
    %jmp T_1;
    .thread T_1;
    .scope S_0x55dabeba5a30;
T_2 ;
    %delay 10000, 0;
    %load/vec4 v0x55dabebb7080_0;
    %inv;
    %store/vec4 v0x55dabebb7080_0, 0, 1;
    %jmp T_2;
    .thread T_2;
    .scope S_0x55dabeba5a30;
T_3 ;
    %delay 55000, 0;
    %load/vec4 v0x55dabebb7140_0;
    %inv;
    %store/vec4 v0x55dabebb7140_0, 0, 1;
    %jmp T_3;
    .thread T_3;
# The file index is used to find the file name in the following table.
:file_names 4;
    "N/A";
    "<interactive>";
    "conditional_mux_tb.v";
    "conditional_mux.v";
