#! /usr/local/bin/vvp
:ivl_version "10.3 (stable)" "(v10_3-42-gb98854309-dirty)";
:ivl_delay_selection "TYPICAL";
:vpi_time_precision - 12;
:vpi_module "system";
:vpi_module "vhdl_sys";
:vpi_module "v2005_math";
:vpi_module "va_math";
S_0x5623bc2b8e70 .scope module, "dff_const2_tb" "dff_const2_tb" 2 3;
 .timescale -9 -12;
v0x5623bc2c9780_0 .var "clk", 0 0;
v0x5623bc2c9850_0 .net "q", 0 0, v0x5623bc2c95a0_0;  1 drivers
v0x5623bc2c9920_0 .var "reset", 0 0;
S_0x5623bc2b8ff0 .scope module, "uut" "dff_const2" 2 10, 3 1 0, S_0x5623bc2b8e70;
 .timescale 0 0;
    .port_info 0 /INPUT 1 "clk"
    .port_info 1 /INPUT 1 "reset"
    .port_info 2 /OUTPUT 1 "q"
v0x5623bc283020_0 .net "clk", 0 0, v0x5623bc2c9780_0;  1 drivers
v0x5623bc2c95a0_0 .var "q", 0 0;
v0x5623bc2c9660_0 .net "reset", 0 0, v0x5623bc2c9920_0;  1 drivers
E_0x5623bc2b9470 .event posedge, v0x5623bc2c9660_0, v0x5623bc283020_0;
    .scope S_0x5623bc2b8ff0;
T_0 ;
    %wait E_0x5623bc2b9470;
    %load/vec4 v0x5623bc2c9660_0;
    %flag_set/vec4 8;
    %jmp/0xz  T_0.0, 8;
    %pushi/vec4 1, 0, 1;
    %assign/vec4 v0x5623bc2c95a0_0, 0;
    %jmp T_0.1;
T_0.0 ;
    %pushi/vec4 1, 0, 1;
    %assign/vec4 v0x5623bc2c95a0_0, 0;
T_0.1 ;
    %jmp T_0;
    .thread T_0;
    .scope S_0x5623bc2b8e70;
T_1 ;
	  %vpi_call 2 17 "$dumpfile", "dff_const2_tb.vcd" {0 0 0};
	  %vpi_call 2 18 "$dumpvars", 32'sb00000000000000000000000000000000, S_0x5623bc2b8e70 {0 0 0};
    %pushi/vec4 0, 0, 1;
    %store/vec4 v0x5623bc2c9780_0, 0, 1;
    %pushi/vec4 1, 0, 1;
    %store/vec4 v0x5623bc2c9920_0, 0, 1;
    %delay 3000000, 0;
    %vpi_call 2 22 "$finish" {0 0 0};
    %end;
    .thread T_1;
    .scope S_0x5623bc2b8e70;
T_2 ;
    %delay 10000, 0;
    %load/vec4 v0x5623bc2c9780_0;
    %inv;
    %store/vec4 v0x5623bc2c9780_0, 0, 1;
    %jmp T_2;
    .thread T_2;
    .scope S_0x5623bc2b8e70;
T_3 ;
    %delay 1547000, 0;
    %load/vec4 v0x5623bc2c9920_0;
    %inv;
    %store/vec4 v0x5623bc2c9920_0, 0, 1;
    %jmp T_3;
    .thread T_3;
# The file index is used to find the file name in the following table.
:file_names 4;
    "N/A";
    "<interactive>";
    "dff_const2_tb.v";
    "dff_const2.v";
