#! /usr/local/bin/vvp
:ivl_version "10.3 (stable)" "(v10_3-42-gb98854309-dirty)";
:ivl_delay_selection "TYPICAL";
:vpi_time_precision - 12;
:vpi_module "system";
:vpi_module "vhdl_sys";
:vpi_module "v2005_math";
:vpi_module "va_math";
S_0x55b9e18a0840 .scope module, "dff_const4_tb" "dff_const4_tb" 2 3;
 .timescale -9 -12;
v0x55b9e18b1650_0 .var "clk", 0 0;
v0x55b9e18b1720_0 .net "q", 0 0, v0x55b9e18b13b0_0;  1 drivers
v0x55b9e18b17f0_0 .var "reset", 0 0;
S_0x55b9e18a09c0 .scope module, "uut" "dff_const4" 2 10, 3 1 0, S_0x55b9e18a0840;
 .timescale 0 0;
    .port_info 0 /INPUT 1 "clk"
    .port_info 1 /INPUT 1 "reset"
    .port_info 2 /OUTPUT 1 "q"
v0x55b9e186a020_0 .net "clk", 0 0, v0x55b9e18b1650_0;  1 drivers
v0x55b9e18b13b0_0 .var "q", 0 0;
v0x55b9e18b1470_0 .var "q1", 0 0;
v0x55b9e18b1510_0 .net "reset", 0 0, v0x55b9e18b17f0_0;  1 drivers
E_0x55b9e186a640 .event posedge, v0x55b9e18b1510_0, v0x55b9e186a020_0;
    .scope S_0x55b9e18a09c0;
T_0 ;
    %wait E_0x55b9e186a640;
    %load/vec4 v0x55b9e18b1510_0;
    %flag_set/vec4 8;
    %jmp/0xz  T_0.0, 8;
    %pushi/vec4 1, 0, 1;
    %assign/vec4 v0x55b9e18b13b0_0, 0;
    %pushi/vec4 1, 0, 1;
    %assign/vec4 v0x55b9e18b1470_0, 0;
    %jmp T_0.1;
T_0.0 ;
    %pushi/vec4 1, 0, 1;
    %assign/vec4 v0x55b9e18b1470_0, 0;
    %load/vec4 v0x55b9e18b1470_0;
    %assign/vec4 v0x55b9e18b13b0_0, 0;
T_0.1 ;
    %jmp T_0;
    .thread T_0;
    .scope S_0x55b9e18a0840;
T_1 ;
	  %vpi_call 2 17 "$dumpfile", "dff_const4_tb.vcd" {0 0 0};
	  %vpi_call 2 18 "$dumpvars", 32'sb00000000000000000000000000000000, S_0x55b9e18a0840 {0 0 0};
    %pushi/vec4 0, 0, 1;
    %store/vec4 v0x55b9e18b1650_0, 0, 1;
    %pushi/vec4 1, 0, 1;
    %store/vec4 v0x55b9e18b17f0_0, 0, 1;
    %delay 3000000, 0;
    %vpi_call 2 22 "$finish" {0 0 0};
    %end;
    .thread T_1;
    .scope S_0x55b9e18a0840;
T_2 ;
    %delay 10000, 0;
    %load/vec4 v0x55b9e18b1650_0;
    %inv;
    %store/vec4 v0x55b9e18b1650_0, 0, 1;
    %jmp T_2;
    .thread T_2;
    .scope S_0x55b9e18a0840;
T_3 ;
    %delay 1547000, 0;
    %load/vec4 v0x55b9e18b17f0_0;
    %inv;
    %store/vec4 v0x55b9e18b17f0_0, 0, 1;
    %jmp T_3;
    .thread T_3;
# The file index is used to find the file name in the following table.
:file_names 4;
    "N/A";
    "<interactive>";
    "dff_const4_tb.v";
    "dff_const4.v";
