#! /usr/local/bin/vvp
:ivl_version "10.3 (stable)" "(v10_3-42-gb98854309-dirty)";
:ivl_delay_selection "TYPICAL";
:vpi_time_precision - 12;
:vpi_module "system";
:vpi_module "vhdl_sys";
:vpi_module "v2005_math";
:vpi_module "va_math";
S_0x560c4fbd2e70 .scope module, "dff_const1_tb" "dff_const1_tb" 2 3;
 .timescale -9 -12;
v0x560c4fbe36b0_0 .var "clk", 0 0;
v0x560c4fbe3780_0 .net "q", 0 0, v0x560c4fbe34d0_0;  1 drivers
v0x560c4fbe3850_0 .var "reset", 0 0;
S_0x560c4fbd2ff0 .scope module, "uut" "dff_const1" 2 7, 3 1 0, S_0x560c4fbd2e70;
 .timescale 0 0;
    .port_info 0 /INPUT 1 "clk"
    .port_info 1 /INPUT 1 "reset"
    .port_info 2 /OUTPUT 1 "q"
v0x560c4fb9d020_0 .net "clk", 0 0, v0x560c4fbe36b0_0;  1 drivers
v0x560c4fbe34d0_0 .var "q", 0 0;
v0x560c4fbe3590_0 .net "reset", 0 0, v0x560c4fbe3850_0;  1 drivers
E_0x560c4fbd3470 .event posedge, v0x560c4fbe3590_0, v0x560c4fb9d020_0;
    .scope S_0x560c4fbd2ff0;
T_0 ;
    %wait E_0x560c4fbd3470;
    %load/vec4 v0x560c4fbe3590_0;
    %flag_set/vec4 8;
    %jmp/0xz  T_0.0, 8;
    %pushi/vec4 0, 0, 1;
    %assign/vec4 v0x560c4fbe34d0_0, 0;
    %jmp T_0.1;
T_0.0 ;
    %pushi/vec4 1, 0, 1;
    %assign/vec4 v0x560c4fbe34d0_0, 0;
T_0.1 ;
    %jmp T_0;
    .thread T_0;
    .scope S_0x560c4fbd2e70;
T_1 ;
	  %vpi_call 2 10 "$dumpfile", "dff_const1_tb.vcd" {0 0 0};
	  %vpi_call 2 11 "$dumpvars", 32'sb00000000000000000000000000000000, S_0x560c4fbd2e70 {0 0 0};
    %pushi/vec4 0, 0, 1;
    %store/vec4 v0x560c4fbe36b0_0, 0, 1;
    %pushi/vec4 1, 0, 1;
    %store/vec4 v0x560c4fbe3850_0, 0, 1;
    %delay 3000000, 0;
    %vpi_call 2 15 "$finish" {0 0 0};
    %end;
    .thread T_1;
    .scope S_0x560c4fbd2e70;
T_2 ;
    %delay 10000, 0;
    %load/vec4 v0x560c4fbe36b0_0;
    %inv;
    %store/vec4 v0x560c4fbe36b0_0, 0, 1;
    %jmp T_2;
    .thread T_2;
    .scope S_0x560c4fbd2e70;
T_3 ;
    %delay 1547000, 0;
    %load/vec4 v0x560c4fbe3850_0;
    %inv;
    %store/vec4 v0x560c4fbe3850_0, 0, 1;
    %jmp T_3;
    .thread T_3;
# The file index is used to find the file name in the following table.
:file_names 4;
    "N/A";
    "<interactive>";
    "dff_const1_tb.v";
    "dff_const1.v";
