#! /usr/local/bin/vvp
:ivl_version "10.3 (stable)" "(v10_3-42-gb98854309-dirty)";
:ivl_delay_selection "TYPICAL";
:vpi_time_precision - 12;
:vpi_module "system";
:vpi_module "vhdl_sys";
:vpi_module "v2005_math";
:vpi_module "va_math";
S_0x5598bc224f50 .scope module, "mux_tb" "mux_tb" 2 3;
 .timescale -9 -12;
v0x5598bc236320_0 .var "i0", 0 0;
v0x5598bc2363e0_0 .var "i1", 0 0;
v0x5598bc2364b0_0 .var "s", 0 0;
v0x5598bc2365b0_0 .net "y", 0 0, v0x5598bc2361b0_0;  1 drivers
S_0x5598bc2250d0 .scope module, "uut" "mux" 2 7, 3 3 0, S_0x5598bc224f50;
 .timescale -9 -12;
    .port_info 0 /INPUT 1 "i0"
    .port_info 1 /INPUT 1 "i1"
    .port_info 2 /INPUT 1 "s"
    .port_info 3 /OUTPUT 1 "y"
v0x5598bc1ef040_0 .net "i0", 0 0, v0x5598bc236320_0;  1 drivers
v0x5598bc236020_0 .net "i1", 0 0, v0x5598bc2363e0_0;  1 drivers
v0x5598bc2360e0_0 .net "s", 0 0, v0x5598bc2364b0_0;  1 drivers
v0x5598bc2361b0_0 .var "y", 0 0;
E_0x5598bc2257b0 .event edge, v0x5598bc2360e0_0, v0x5598bc236020_0, v0x5598bc1ef040_0;
    .scope S_0x5598bc2250d0;
T_0 ;
    %wait E_0x5598bc2257b0;
    %load/vec4 v0x5598bc2360e0_0;
    %flag_set/vec4 8;
    %jmp/0xz  T_0.0, 8;
    %load/vec4 v0x5598bc236020_0;
    %assign/vec4 v0x5598bc2361b0_0, 0;
    %jmp T_0.1;
T_0.0 ;
    %load/vec4 v0x5598bc1ef040_0;
    %assign/vec4 v0x5598bc2361b0_0, 0;
T_0.1 ;
    %jmp T_0;
    .thread T_0, $push;
    .scope S_0x5598bc224f50;
T_1 ;
	  %vpi_call 2 10 "$dumpfile", "mux_tb.vcd" {0 0 0};
	  %vpi_call 2 11 "$dumpvars", 32'sb00000000000000000000000000000000, S_0x5598bc224f50 {0 0 0};
    %pushi/vec4 0, 0, 1;
    %store/vec4 v0x5598bc236320_0, 0, 1;
    %pushi/vec4 0, 0, 1;
    %store/vec4 v0x5598bc2363e0_0, 0, 1;
    %pushi/vec4 0, 0, 1;
    %store/vec4 v0x5598bc2364b0_0, 0, 1;
    %delay 100000, 0;
    %vpi_call 2 12 "$finish" {0 0 0};
    %end;
    .thread T_1;
    .scope S_0x5598bc224f50;
T_2 ;
    %delay 10000, 0;
    %load/vec4 v0x5598bc236320_0;
    %inv;
    %store/vec4 v0x5598bc236320_0, 0, 1;
    %jmp T_2;
    .thread T_2;
    .scope S_0x5598bc224f50;
T_3 ;
    %delay 20000, 0;
    %load/vec4 v0x5598bc2363e0_0;
    %inv;
    %store/vec4 v0x5598bc2363e0_0, 0, 1;
    %jmp T_3;
    .thread T_3;
    .scope S_0x5598bc224f50;
T_4 ;
    %delay 40000, 0;
    %load/vec4 v0x5598bc2364b0_0;
    %inv;
    %store/vec4 v0x5598bc2364b0_0, 0, 1;
    %jmp T_4;
    .thread T_4;
# The file index is used to find the file name in the following table.
:file_names 4;
    "N/A";
    "<interactive>";
    "mux_tb.v";
    "mux.v";
