#! /usr/local/bin/vvp
:ivl_version "10.3 (stable)" "(v10_3-42-gb98854309-dirty)";
:ivl_delay_selection "TYPICAL";
:vpi_time_precision - 12;
:vpi_module "system";
:vpi_module "vhdl_sys";
:vpi_module "v2005_math";
:vpi_module "va_math";
S_0x5571abff9160 .scope module, "sync_async_res_tb" "sync_async_res_tb" 2 2;
 .timescale -9 -12;
v0x5571ac02cc50_0 .var "ares", 0 0;
v0x5571ac02cd10_0 .var "clk", 0 0;
v0x5571ac02cde0_0 .var "d", 0 0;
v0x5571ac02cee0_0 .net "q", 0 0, v0x5571ac02c9e0_0;  1 drivers
v0x5571ac02cfb0_0 .var "sres", 0 0;
S_0x5571ac01a5b0 .scope module, "sasyncresuut" "sync_async_res" 2 5, 3 2 0, S_0x5571abff9160;
 .timescale -9 -12;
    .port_info 0 /INPUT 1 "clk"
    .port_info 1 /INPUT 1 "d"
    .port_info 2 /INPUT 1 "sres"
    .port_info 3 /INPUT 1 "ares"
    .port_info 4 /OUTPUT 1 "q"
v0x5571ac01a7d0_0 .net "ares", 0 0, v0x5571ac02cc50_0;  1 drivers
v0x5571ac02c850_0 .net "clk", 0 0, v0x5571ac02cd10_0;  1 drivers
v0x5571ac02c910_0 .net "d", 0 0, v0x5571ac02cde0_0;  1 drivers
v0x5571ac02c9e0_0 .var "q", 0 0;
v0x5571ac02caa0_0 .net "sres", 0 0, v0x5571ac02cfb0_0;  1 drivers
E_0x5571abfe4ab0 .event posedge, v0x5571ac01a7d0_0, v0x5571ac02c850_0;
    .scope S_0x5571ac01a5b0;
T_0 ;
    %wait E_0x5571abfe4ab0;
    %load/vec4 v0x5571ac01a7d0_0;
    %flag_set/vec4 8;
    %jmp/0xz  T_0.0, 8;
    %pushi/vec4 0, 0, 1;
    %assign/vec4 v0x5571ac02c9e0_0, 0;
    %jmp T_0.1;
T_0.0 ;
    %load/vec4 v0x5571ac02caa0_0;
    %flag_set/vec4 8;
    %jmp/0xz  T_0.2, 8;
    %pushi/vec4 0, 0, 1;
    %assign/vec4 v0x5571ac02c9e0_0, 0;
    %jmp T_0.3;
T_0.2 ;
    %load/vec4 v0x5571ac02c910_0;
    %assign/vec4 v0x5571ac02c9e0_0, 0;
T_0.3 ;
T_0.1 ;
    %jmp T_0;
    .thread T_0;
    .scope S_0x5571abff9160;
T_1 ;
	  %vpi_call 2 7 "$dumpfile", "sync_async_res_tb.vcd" {0 0 0};
	  %vpi_call 2 8 "$dumpvars", 32'sb00000000000000000000000000000000, S_0x5571abff9160 {0 0 0};
    %pushi/vec4 0, 0, 1;
    %store/vec4 v0x5571ac02cd10_0, 0, 1;
    %pushi/vec4 1, 0, 1;
    %store/vec4 v0x5571ac02cfb0_0, 0, 1;
    %pushi/vec4 0, 0, 1;
    %store/vec4 v0x5571ac02cc50_0, 0, 1;
    %pushi/vec4 0, 0, 1;
    %store/vec4 v0x5571ac02cde0_0, 0, 1;
    %delay 240000, 0;
    %vpi_call 2 13 "$finish" {0 0 0};
    %end;
    .thread T_1;
    .scope S_0x5571abff9160;
T_2 ;
    %delay 10000, 0;
    %load/vec4 v0x5571ac02cd10_0;
    %inv;
    %store/vec4 v0x5571ac02cd10_0, 0, 1;
    %jmp T_2;
    .thread T_2;
    .scope S_0x5571abff9160;
T_3 ;
    %delay 15000, 0;
    %load/vec4 v0x5571ac02cc50_0;
    %inv;
    %store/vec4 v0x5571ac02cc50_0, 0, 1;
    %jmp T_3;
    .thread T_3;
    .scope S_0x5571abff9160;
T_4 ;
    %delay 15000, 0;
    %load/vec4 v0x5571ac02cfb0_0;
    %inv;
    %store/vec4 v0x5571ac02cfb0_0, 0, 1;
    %jmp T_4;
    .thread T_4;
    .scope S_0x5571abff9160;
T_5 ;
    %delay 40000, 0;
    %load/vec4 v0x5571ac02cde0_0;
    %inv;
    %store/vec4 v0x5571ac02cde0_0, 0, 1;
    %jmp T_5;
    .thread T_5;
# The file index is used to find the file name in the following table.
:file_names 4;
    "N/A";
    "<interactive>";
    "sync_async_res_tb.v";
    "sync_async_res.v";
